\BOOKMARK [1][-]{section.1}{\376\377\116\313\176\315}{}% 1
\BOOKMARK [1][-]{section.2}{\376\377\000G\000u\000i\000d\000e\000l\000i\000n\000e\000s\000\040\000f\000o\000r\000\040\000M\000a\000n\000u\000s\000c\000r\000i\000p\000t\000\040\000P\000r\000e\000p\000a\000r\000a\000t\000i\000o\000n}{}% 2
\BOOKMARK [2][-]{subsection.2.1}{\376\377\000A\000b\000b\000r\000e\000v\000i\000a\000t\000i\000o\000n\000s\000\040\000a\000n\000d\000\040\000A\000c\000r\000o\000n\000y\000m\000s}{section.2}% 3
\BOOKMARK [2][-]{subsection.2.2}{\376\377\000O\000t\000h\000e\000r\000\040\000R\000e\000c\000o\000m\000m\000e\000n\000d\000a\000t\000i\000o\000n\000s}{section.2}% 4
\BOOKMARK [1][-]{section.3}{\376\377\000M\000a\000t\000h}{}% 5
\BOOKMARK [2][-]{subsection.3.1}{\376\377\000E\000q\000u\000a\000t\000i\000o\000n\000s}{section.3}% 6
\BOOKMARK [1][-]{section.4}{\376\377\000U\000n\000i\000t\000s}{}% 7
\BOOKMARK [1][-]{section.5}{\376\377\000S\000o\000m\000e\000\040\000C\000o\000m\000m\000o\000n\000\040\000M\000i\000s\000t\000a\000k\000e\000s}{}% 8
\BOOKMARK [1][-]{section.6}{\376\377\000G\000u\000i\000d\000e\000l\000i\000n\000e\000s\000\040\000F\000o\000r\000\040\000G\000r\000a\000p\000h\000i\000c\000s\000\040\000P\000r\000e\000p\000a\000r\000a\000t\000i\000o\000n\000\040\000a\000n\000d\000\040\000S\000u\000b\000m\000i\000s\000s\000i\000o\000n}{}% 9
\BOOKMARK [2][-]{subsection.6.1}{\376\377\000T\000y\000p\000e\000s\000\040\000o\000f\000\040\000G\000r\000a\000p\000h\000i\000c\000s}{section.6}% 10
\BOOKMARK [2][-]{subsection.6.2}{\376\377\000M\000u\000l\000t\000i\000p\000a\000r\000t\000\040\000F\000i\000g\000u\000r\000e\000s}{section.6}% 11
\BOOKMARK [2][-]{subsection.6.3}{\376\377\000F\000i\000l\000e\000\040\000F\000o\000r\000m\000a\000t\000s\000\040\000f\000o\000r\000\040\000G\000r\000a\000p\000h\000i\000c\000s}{section.6}% 12
\BOOKMARK [2][-]{subsection.6.4}{\376\377\000S\000i\000z\000i\000n\000g\000\040\000o\000f\000\040\000G\000r\000a\000p\000h\000i\000c\000s}{section.6}% 13
\BOOKMARK [2][-]{subsection.6.5}{\376\377\000R\000e\000s\000o\000l\000u\000t\000i\000o\000n}{section.6}% 14
\BOOKMARK [2][-]{subsection.6.6}{\376\377\000V\000e\000c\000t\000o\000r\000\040\000A\000r\000t}{section.6}% 15
\BOOKMARK [2][-]{subsection.6.7}{\376\377\000C\000o\000l\000o\000r\000\040\000S\000p\000a\000c\000e}{section.6}% 16
\BOOKMARK [2][-]{subsection.6.8}{\376\377\000A\000c\000c\000e\000p\000t\000e\000d\000\040\000F\000o\000n\000t\000s\000\040\000W\000i\000t\000h\000i\000n\000\040\000F\000i\000g\000u\000r\000e\000s}{section.6}% 17
\BOOKMARK [2][-]{subsection.6.9}{\376\377\000U\000s\000i\000n\000g\000\040\000L\000a\000b\000e\000l\000s\000\040\000W\000i\000t\000h\000i\000n\000\040\000F\000i\000g\000u\000r\000e\000s}{section.6}% 18
\BOOKMARK [3][-]{subsubsection.6.9.1}{\376\377\000F\000i\000g\000u\000r\000e\000\040\000A\000x\000i\000s\000\040\000L\000a\000b\000e\000l\000s}{subsection.6.9}% 19
\BOOKMARK [3][-]{subsubsection.6.9.2}{\376\377\000S\000u\000b\000f\000i\000g\000u\000r\000e\000\040\000L\000a\000b\000e\000l\000s\000\040\000i\000n\000\040\000M\000u\000l\000t\000i\000p\000a\000r\000t\000\040\000F\000i\000g\000u\000r\000e\000s\000\040\000a\000n\000d\000\040\000T\000a\000b\000l\000e\000s}{subsection.6.9}% 20
\BOOKMARK [2][-]{subsection.6.10}{\376\377\000F\000i\000l\000e\000\040\000N\000a\000m\000i\000n\000g}{section.6}% 21
\BOOKMARK [2][-]{subsection.6.11}{\376\377\000R\000e\000f\000e\000r\000e\000n\000c\000i\000n\000g\000\040\000a\000\040\000F\000i\000g\000u\000r\000e\000\040\000o\000r\000\040\000T\000a\000b\000l\000e\000\040\000W\000i\000t\000h\000i\000n\000\040\000Y\000o\000u\000r\000\040\000P\000a\000p\000e\000r}{section.6}% 22
\BOOKMARK [2][-]{subsection.6.12}{\376\377\000C\000h\000e\000c\000k\000i\000n\000g\000\040\000Y\000o\000u\000r\000\040\000F\000i\000g\000u\000r\000e\000s\000:\000\040\000T\000h\000e\000\040\000I\000E\000E\000E\000\040\000G\000r\000a\000p\000h\000i\000c\000s\000\040\000A\000n\000a\000l\000y\000z\000e\000r}{section.6}% 23
\BOOKMARK [2][-]{subsection.6.13}{\376\377\000S\000u\000b\000m\000i\000t\000t\000i\000n\000g\000\040\000Y\000o\000u\000r\000\040\000G\000r\000a\000p\000h\000i\000c\000s}{section.6}% 24
\BOOKMARK [2][-]{subsection.6.14}{\376\377\000C\000o\000l\000o\000r\000\040\000P\000r\000o\000c\000e\000s\000s\000i\000n\000g\000\040\000/\000\040\000P\000r\000i\000n\000t\000i\000n\000g\000\040\000i\000n\000\040\000I\000E\000E\000E\000\040\000J\000o\000u\000r\000n\000a\000l\000s}{section.6}% 25
\BOOKMARK [1][-]{section.7}{\376\377\000C\000o\000n\000c\000l\000u\000s\000i\000o\000n}{}% 26
\BOOKMARK [2][-]{subsection.7.1}{\376\377\000R\000e\000f\000e\000r\000e\000n\000c\000e\000s}{section.7}% 27
\BOOKMARK [2][-]{subsection.7.2}{\376\377\000F\000o\000o\000t\000n\000o\000t\000e\000s}{section.7}% 28
\BOOKMARK [1][-]{section.8}{\376\377\000S\000u\000b\000m\000i\000t\000t\000i\000n\000g\000\040\000Y\000o\000u\000r\000\040\000P\000a\000p\000e\000r\000\040\000f\000o\000r\000\040\000R\000e\000v\000i\000e\000w}{}% 29
\BOOKMARK [2][-]{subsection.8.1}{\376\377\000R\000e\000v\000i\000e\000w\000\040\000S\000t\000a\000g\000e\000\040\000U\000s\000i\000n\000g\000\040\000W\000o\000r\000d\000\040\0006\000.\0000\000\040\000o\000r\000\040\000H\000i\000g\000h\000e\000r}{section.8}% 30
\BOOKMARK [2][-]{subsection.8.2}{\376\377\000F\000i\000n\000a\000l\000\040\000S\000t\000a\000g\000e\000\040\000U\000s\000i\000n\000g\000\040\000W\000o\000r\000d\000\040\0006\000.\0000}{section.8}% 31
\BOOKMARK [2][-]{subsection.8.3}{\376\377\000R\000e\000v\000i\000e\000w\000\040\000S\000t\000a\000g\000e\000\040\000U\000s\000i\000n\000g\000\040\000S\000c\000h\000o\000l\000a\000r\000o\000n\000e\000\256\000\040\000M\000a\000n\000u\000s\000c\000r\000i\000p\000t\000s}{section.8}% 32
\BOOKMARK [2][-]{subsection.8.4}{\376\377\000F\000i\000n\000a\000l\000\040\000S\000t\000a\000g\000e\000\040\000U\000s\000i\000n\000g\000\040\000S\000c\000h\000o\000l\000a\000r\000o\000n\000e\000\040\000M\000a\000n\000u\000s\000c\000r\000i\000p\000t\000s}{section.8}% 33
\BOOKMARK [2][-]{subsection.8.5}{\376\377\000C\000o\000p\000y\000r\000i\000g\000h\000t\000\040\000F\000o\000r\000m}{section.8}% 34
\BOOKMARK [1][-]{section.9}{\376\377\000I\000E\000E\000E\000\040\000P\000u\000b\000l\000i\000s\000h\000i\000n\000g\000\040\000P\000o\000l\000i\000c\000y}{}% 35
\BOOKMARK [1][-]{section.10}{\376\377\000P\000u\000b\000l\000i\000c\000a\000t\000i\000o\000n\000\040\000P\000r\000i\000n\000c\000i\000p\000l\000e\000s}{}% 36
